<?xml version="1.0" encoding="UTF-8"?>
<!-- Generated by org.testng.reporters.JUnitReportReporter -->
<testsuite skipped="0" hostname="ivanar" name="tests.RegisterNewRandomUsers" tests="1" failures="0" timestamp="2020-04-03T17:54:04 CEST" time="425.981" errors="0">
  <testcase name="register30newUser" time="425.981" classname="tests.RegisterNewRandomUsers"/>
</testsuite> <!-- tests.RegisterNewRandomUsers -->
