<?xml version="1.0" encoding="UTF-8"?>
<!-- Generated by org.testng.reporters.JUnitReportReporter -->
<testsuite skipped="0" hostname="ivanar" name="tests.HomePageTests" tests="3" failures="0" timestamp="2020-04-03T20:46:49 CEST" time="6.870" errors="0">
  <testcase name="verifySummerDressesHomePageW" time="2.627" classname="tests.HomePageTests"/>
  <testcase name="verifySummerDressesHomePageD" time="2.226" classname="tests.HomePageTests"/>
  <testcase name="verifySummerDressesHomePage" time="2.017" classname="tests.HomePageTests"/>
</testsuite> <!-- tests.HomePageTests -->
