<?xml version="1.0" encoding="UTF-8"?>
<!-- Generated by org.testng.reporters.JUnitReportReporter -->
<testsuite skipped="0" hostname="ivanar" name="tests.ShoppingCartSummaryPageTests" tests="2" failures="0" timestamp="2020-04-03T20:46:49 CEST" time="2.662" errors="0">
  <testcase name="verifyShoppingCartSummary" time="0.118" classname="tests.ShoppingCartSummaryPageTests"/>
  <testcase name="verifyProceedAndSignUp" time="2.544" classname="tests.ShoppingCartSummaryPageTests"/>
</testsuite> <!-- tests.ShoppingCartSummaryPageTests -->
