<?xml version="1.0" encoding="UTF-8"?>
<!-- Generated by org.testng.reporters.JUnitReportReporter -->
<testsuite skipped="0" hostname="ivanar" name="tests.AuthenticationRegistrationPageTests" tests="1" failures="0" timestamp="2020-04-04T00:30:04 CEST" time="10.448" errors="0">
  <testcase name="logInWithWrongPassword" time="10.448" classname="tests.AuthenticationRegistrationPageTests"/>
</testsuite> <!-- tests.AuthenticationRegistrationPageTests -->
