<?xml version="1.0" encoding="UTF-8"?>
<!-- Generated by org.testng.reporters.JUnitReportReporter -->
<testsuite skipped="0" hostname="ivanar" name="tests.CreateAnAccountPageTests" tests="1" failures="0" timestamp="2020-04-03T20:46:49 CEST" time="5.140" errors="0">
  <testcase name="registerOneNewUser" time="5.140" classname="tests.CreateAnAccountPageTests"/>
</testsuite> <!-- tests.CreateAnAccountPageTests -->
