<?xml version="1.0" encoding="UTF-8"?>
<!-- Generated by org.testng.reporters.JUnitReportReporter -->
<testsuite skipped="2" hostname="ivanar" name="tests.ShoppingCartSummaryPageTests" tests="2" failures="0" timestamp="2020-11-26T22:51:03 CET" time="0.000" errors="0">
  <testcase name="verifyShoppingCartSummary" time="0.000" classname="tests.ShoppingCartSummaryPageTests">
    <skipped/>
  </testcase> <!-- verifyShoppingCartSummary -->
  <testcase name="verifyProceedAndSignUp" time="0.000" classname="tests.ShoppingCartSummaryPageTests">
    <skipped/>
  </testcase> <!-- verifyProceedAndSignUp -->
</testsuite> <!-- tests.ShoppingCartSummaryPageTests -->
