<?xml version="1.0" encoding="UTF-8"?>
<!-- Generated by org.testng.reporters.JUnitReportReporter -->
<testsuite skipped="1" hostname="ivanar" name="tests.BuyDressPageTests" tests="1" failures="0" timestamp="2020-11-26T22:51:03 CET" time="0.000" errors="0">
  <testcase name="buyDressOne" time="0.000" classname="tests.BuyDressPageTests">
    <skipped/>
  </testcase> <!-- buyDressOne -->
</testsuite> <!-- tests.BuyDressPageTests -->
